<?xml version="1.0" encoding="UTF-8"?>
<testng-results ignored="0" total="1" passed="1" failed="0" skipped="0">
  <reporter-output>
  </reporter-output>
  <suite started-at="2023-05-24T19:05:29 IST" name="Surefire suite" finished-at="2023-05-24T19:06:40 IST" duration-ms="71072">
    <groups>
      <group name="cucumber">
        <method signature="AbstractTestNGCucumberTests.runScenario(io.cucumber.testng.PickleWrapper,io.cucumber.testng.FeatureWrapper)[pri:0, instance:com.classicCRM.TestRunner.TestRunner@19bb07ed]" name="runScenario" class="io.cucumber.testng.AbstractTestNGCucumberTests"/>
      </group> <!-- cucumber -->
    </groups>
    <test started-at="2023-05-24T19:05:29 IST" name="Surefire test" finished-at="2023-05-24T19:06:40 IST" duration-ms="71072">
      <class name="com.classicCRM.TestRunner.TestRunner">
        <test-method is-config="true" signature="setUpClass(org.testng.ITestContext)[pri:0, instance:com.classicCRM.TestRunner.TestRunner@19bb07ed]" started-at="2023-05-24T19:05:29 IST" name="setUpClass" finished-at="2023-05-24T19:05:30 IST" duration-ms="940" status="PASS">
          <params>
            <param index="0">
              <value>
                <![CDATA[org.testng.TestRunner@1c80e49b]]>
              </value>
            </param>
          </params>
          <reporter-output>
          </reporter-output>
        </test-method> <!-- setUpClass -->
        <test-method signature="runScenario(io.cucumber.testng.PickleWrapper,io.cucumber.testng.FeatureWrapper)[pri:0, instance:com.classicCRM.TestRunner.TestRunner@19bb07ed]" started-at="2023-05-24T19:05:30 IST" name="runScenario" description="Runs Cucumber Scenarios" data-provider="scenarios" finished-at="2023-05-24T19:06:40 IST" duration-ms="69989" status="PASS">
          <params>
            <param index="0">
              <value>
                <![CDATA["Add new Record for Company"]]>
              </value>
            </param>
            <param index="1">
              <value>
                <![CDATA["As a User I want to configure company details into system and use them in other sections"]]>
              </value>
            </param>
          </params>
          <reporter-output>
          </reporter-output>
        </test-method> <!-- runScenario -->
        <test-method is-config="true" signature="tearDownClass()[pri:0, instance:com.classicCRM.TestRunner.TestRunner@19bb07ed]" started-at="2023-05-24T19:06:40 IST" name="tearDownClass" finished-at="2023-05-24T19:06:40 IST" duration-ms="69" status="PASS">
          <reporter-output>
          </reporter-output>
        </test-method> <!-- tearDownClass -->
      </class> <!-- com.classicCRM.TestRunner.TestRunner -->
    </test> <!-- Surefire test -->
  </suite> <!-- Surefire suite -->
</testng-results>
