<?xml version="1.0" encoding="UTF-8"?>
<testng-results ignored="0" total="1" passed="1" failed="0" skipped="0">
  <reporter-output>
  </reporter-output>
  <suite started-at="2023-07-11T23:17:23 IST" name="Suite" finished-at="2023-07-11T23:18:21 IST" duration-ms="57425">
    <groups>
      <group name="cucumber">
        <method signature="AbstractTestNGCucumberTests.runScenario(io.cucumber.testng.PickleWrapper,io.cucumber.testng.FeatureWrapper)[pri:0, instance:com.classicCRM.TestRunner.TestRunner@4567f35d]" name="runScenario" class="io.cucumber.testng.AbstractTestNGCucumberTests"/>
      </group> <!-- cucumber -->
    </groups>
    <test started-at="2023-07-11T23:17:23 IST" name="Test" finished-at="2023-07-11T23:18:21 IST" duration-ms="57425">
      <class name="com.classicCRM.TestRunner.TestRunner">
        <test-method is-config="true" signature="setUpClass(org.testng.ITestContext)[pri:0, instance:com.classicCRM.TestRunner.TestRunner@4567f35d]" started-at="2023-07-11T23:17:23 IST" name="setUpClass" finished-at="2023-07-11T23:17:25 IST" duration-ms="1567" status="PASS">
          <params>
            <param index="0">
              <value>
                <![CDATA[org.testng.TestRunner@743cb8e0]]>
              </value>
            </param>
          </params>
          <reporter-output>
          </reporter-output>
        </test-method> <!-- setUpClass -->
        <test-method signature="runScenario(io.cucumber.testng.PickleWrapper,io.cucumber.testng.FeatureWrapper)[pri:0, instance:com.classicCRM.TestRunner.TestRunner@4567f35d]" started-at="2023-07-11T23:17:25 IST" name="runScenario" description="Runs Cucumber Scenarios" data-provider="scenarios" finished-at="2023-07-11T23:18:21 IST" duration-ms="55669" status="PASS">
          <params>
            <param index="0">
              <value>
                <![CDATA["Navigate to contect Page"]]>
              </value>
            </param>
            <param index="1">
              <value>
                <![CDATA["As a user I need to add contact in the system"]]>
              </value>
            </param>
          </params>
          <reporter-output>
          </reporter-output>
        </test-method> <!-- runScenario -->
        <test-method is-config="true" signature="tearDownClass()[pri:0, instance:com.classicCRM.TestRunner.TestRunner@4567f35d]" started-at="2023-07-11T23:18:21 IST" name="tearDownClass" finished-at="2023-07-11T23:18:21 IST" duration-ms="89" status="PASS">
          <reporter-output>
          </reporter-output>
        </test-method> <!-- tearDownClass -->
      </class> <!-- com.classicCRM.TestRunner.TestRunner -->
    </test> <!-- Test -->
  </suite> <!-- Suite -->
</testng-results>
