<?xml version="1.0" encoding="UTF-8"?>
<testng-results ignored="0" total="7" passed="7" failed="0" skipped="0">
  <reporter-output>
  </reporter-output>
  <suite started-at="2023-06-01T11:03:54 IST" name="Surefire suite" finished-at="2023-06-01T11:06:37 IST" duration-ms="163126">
    <groups>
      <group name="cucumber">
        <method signature="AbstractTestNGCucumberTests.runScenario(io.cucumber.testng.PickleWrapper,io.cucumber.testng.FeatureWrapper)[pri:0, instance:com.classicCRM.TestRunner.TestRunner@7ee955a8]" name="runScenario" class="io.cucumber.testng.AbstractTestNGCucumberTests"/>
      </group> <!-- cucumber -->
    </groups>
    <test started-at="2023-06-01T11:03:54 IST" name="Surefire test" finished-at="2023-06-01T11:06:37 IST" duration-ms="163126">
      <class name="com.classicCRM.TestRunner.TestRunner">
        <test-method is-config="true" signature="setUpClass(org.testng.ITestContext)[pri:0, instance:com.classicCRM.TestRunner.TestRunner@7ee955a8]" started-at="2023-06-01T11:03:54 IST" name="setUpClass" finished-at="2023-06-01T11:03:55 IST" duration-ms="1354" status="PASS">
          <params>
            <param index="0">
              <value>
                <![CDATA[org.testng.TestRunner@50fe837a]]>
              </value>
            </param>
          </params>
          <reporter-output>
          </reporter-output>
        </test-method> <!-- setUpClass -->
        <test-method signature="runScenario(io.cucumber.testng.PickleWrapper,io.cucumber.testng.FeatureWrapper)[pri:0, instance:com.classicCRM.TestRunner.TestRunner@7ee955a8]" started-at="2023-06-01T11:03:55 IST" name="runScenario" description="Runs Cucumber Scenarios" data-provider="scenarios" finished-at="2023-06-01T11:04:44 IST" duration-ms="49204" status="PASS">
          <params>
            <param index="0">
              <value>
                <![CDATA["Filter on Company Page"]]>
              </value>
            </param>
            <param index="1">
              <value>
                <![CDATA["As a User I want to configure company details into system and use them in other sections"]]>
              </value>
            </param>
          </params>
          <reporter-output>
          </reporter-output>
        </test-method> <!-- runScenario -->
        <test-method signature="runScenario(io.cucumber.testng.PickleWrapper,io.cucumber.testng.FeatureWrapper)[pri:0, instance:com.classicCRM.TestRunner.TestRunner@7ee955a8]" started-at="2023-06-01T11:03:55 IST" name="runScenario" description="Runs Cucumber Scenarios" data-provider="scenarios" finished-at="2023-06-01T11:05:02 IST" duration-ms="66511" status="PASS">
          <params>
            <param index="0">
              <value>
                <![CDATA["Add new Record for Company"]]>
              </value>
            </param>
            <param index="1">
              <value>
                <![CDATA["As a User I want to configure company details into system and use them in other sections"]]>
              </value>
            </param>
          </params>
          <reporter-output>
          </reporter-output>
        </test-method> <!-- runScenario -->
        <test-method signature="runScenario(io.cucumber.testng.PickleWrapper,io.cucumber.testng.FeatureWrapper)[pri:0, instance:com.classicCRM.TestRunner.TestRunner@7ee955a8]" started-at="2023-06-01T11:04:44 IST" name="runScenario" description="Runs Cucumber Scenarios" data-provider="scenarios" finished-at="2023-06-01T11:05:29 IST" duration-ms="44753" status="PASS">
          <params>
            <param index="0">
              <value>
                <![CDATA["Filter on Company Page"]]>
              </value>
            </param>
            <param index="1">
              <value>
                <![CDATA["As a User I want to configure company details into system and use them in other sections"]]>
              </value>
            </param>
          </params>
          <reporter-output>
          </reporter-output>
        </test-method> <!-- runScenario -->
        <test-method signature="runScenario(io.cucumber.testng.PickleWrapper,io.cucumber.testng.FeatureWrapper)[pri:0, instance:com.classicCRM.TestRunner.TestRunner@7ee955a8]" started-at="2023-06-01T11:05:02 IST" name="runScenario" description="Runs Cucumber Scenarios" data-provider="scenarios" finished-at="2023-06-01T11:05:38 IST" duration-ms="36130" status="PASS">
          <params>
            <param index="0">
              <value>
                <![CDATA["Filter on Company Page"]]>
              </value>
            </param>
            <param index="1">
              <value>
                <![CDATA["As a User I want to configure company details into system and use them in other sections"]]>
              </value>
            </param>
          </params>
          <reporter-output>
          </reporter-output>
        </test-method> <!-- runScenario -->
        <test-method signature="runScenario(io.cucumber.testng.PickleWrapper,io.cucumber.testng.FeatureWrapper)[pri:0, instance:com.classicCRM.TestRunner.TestRunner@7ee955a8]" started-at="2023-06-01T11:05:29 IST" name="runScenario" description="Runs Cucumber Scenarios" data-provider="scenarios" finished-at="2023-06-01T11:06:17 IST" duration-ms="47433" status="PASS">
          <params>
            <param index="0">
              <value>
                <![CDATA["I want to login to classic CRM application with Valid credentials."]]>
              </value>
            </param>
            <param index="1">
              <value>
                <![CDATA["Login to CRM"]]>
              </value>
            </param>
          </params>
          <reporter-output>
          </reporter-output>
        </test-method> <!-- runScenario -->
        <test-method signature="runScenario(io.cucumber.testng.PickleWrapper,io.cucumber.testng.FeatureWrapper)[pri:0, instance:com.classicCRM.TestRunner.TestRunner@7ee955a8]" started-at="2023-06-01T11:05:38 IST" name="runScenario" description="Runs Cucumber Scenarios" data-provider="scenarios" finished-at="2023-06-01T11:06:04 IST" duration-ms="26421" status="PASS">
          <params>
            <param index="0">
              <value>
                <![CDATA["Checking login function working or not"]]>
              </value>
            </param>
            <param index="1">
              <value>
                <![CDATA["Login to CRM"]]>
              </value>
            </param>
          </params>
          <reporter-output>
          </reporter-output>
        </test-method> <!-- runScenario -->
        <test-method signature="runScenario(io.cucumber.testng.PickleWrapper,io.cucumber.testng.FeatureWrapper)[pri:0, instance:com.classicCRM.TestRunner.TestRunner@7ee955a8]" started-at="2023-06-01T11:06:04 IST" name="runScenario" description="Runs Cucumber Scenarios" data-provider="scenarios" finished-at="2023-06-01T11:06:37 IST" duration-ms="32544" status="PASS">
          <params>
            <param index="0">
              <value>
                <![CDATA["Checking login function working or not"]]>
              </value>
            </param>
            <param index="1">
              <value>
                <![CDATA["Login to CRM"]]>
              </value>
            </param>
          </params>
          <reporter-output>
          </reporter-output>
        </test-method> <!-- runScenario -->
        <test-method is-config="true" signature="tearDownClass()[pri:0, instance:com.classicCRM.TestRunner.TestRunner@7ee955a8]" started-at="2023-06-01T11:06:37 IST" name="tearDownClass" finished-at="2023-06-01T11:06:37 IST" duration-ms="67" status="PASS">
          <reporter-output>
          </reporter-output>
        </test-method> <!-- tearDownClass -->
      </class> <!-- com.classicCRM.TestRunner.TestRunner -->
    </test> <!-- Surefire test -->
  </suite> <!-- Surefire suite -->
</testng-results>
