<?xml version="1.0" encoding="UTF-8"?>
<testng-results ignored="0" total="3" passed="3" failed="0" skipped="0">
  <reporter-output>
  </reporter-output>
  <suite started-at="2023-05-19T20:00:17 IST" name="Surefire suite" finished-at="2023-05-19T20:01:20 IST" duration-ms="63440">
    <groups>
      <group name="cucumber">
        <method signature="AbstractTestNGCucumberTests.runScenario(io.cucumber.testng.PickleWrapper,io.cucumber.testng.FeatureWrapper)[pri:0, instance:com.classicCRM.TestRunner.TestRunner@4b5d6a01]" name="runScenario" class="io.cucumber.testng.AbstractTestNGCucumberTests"/>
      </group> <!-- cucumber -->
    </groups>
    <test started-at="2023-05-19T20:00:17 IST" name="Surefire test" finished-at="2023-05-19T20:01:20 IST" duration-ms="63440">
      <class name="com.classicCRM.TestRunner.TestRunner">
        <test-method is-config="true" signature="setUpClass(org.testng.ITestContext)[pri:0, instance:com.classicCRM.TestRunner.TestRunner@4b5d6a01]" started-at="2023-05-19T20:00:17 IST" name="setUpClass" finished-at="2023-05-19T20:00:18 IST" duration-ms="925" status="PASS">
          <params>
            <param index="0">
              <value>
                <![CDATA[org.testng.TestRunner@305f7627]]>
              </value>
            </param>
          </params>
          <reporter-output>
          </reporter-output>
        </test-method> <!-- setUpClass -->
        <test-method signature="runScenario(io.cucumber.testng.PickleWrapper,io.cucumber.testng.FeatureWrapper)[pri:0, instance:com.classicCRM.TestRunner.TestRunner@4b5d6a01]" started-at="2023-05-19T20:00:18 IST" name="runScenario" description="Runs Cucumber Scenarios" data-provider="scenarios" finished-at="2023-05-19T20:01:20 IST" duration-ms="62325" status="PASS">
          <params>
            <param index="0">
              <value>
                <![CDATA["I want to login to classic CRM application with Valid credentials."]]>
              </value>
            </param>
            <param index="1">
              <value>
                <![CDATA["Login to CRM"]]>
              </value>
            </param>
          </params>
          <reporter-output>
          </reporter-output>
        </test-method> <!-- runScenario -->
        <test-method signature="runScenario(io.cucumber.testng.PickleWrapper,io.cucumber.testng.FeatureWrapper)[pri:0, instance:com.classicCRM.TestRunner.TestRunner@4b5d6a01]" started-at="2023-05-19T20:00:18 IST" name="runScenario" description="Runs Cucumber Scenarios" data-provider="scenarios" finished-at="2023-05-19T20:01:16 IST" duration-ms="57772" status="PASS">
          <params>
            <param index="0">
              <value>
                <![CDATA["Checking login function working or not"]]>
              </value>
            </param>
            <param index="1">
              <value>
                <![CDATA["Login to CRM"]]>
              </value>
            </param>
          </params>
          <reporter-output>
          </reporter-output>
        </test-method> <!-- runScenario -->
        <test-method signature="runScenario(io.cucumber.testng.PickleWrapper,io.cucumber.testng.FeatureWrapper)[pri:0, instance:com.classicCRM.TestRunner.TestRunner@4b5d6a01]" started-at="2023-05-19T20:00:18 IST" name="runScenario" description="Runs Cucumber Scenarios" data-provider="scenarios" finished-at="2023-05-19T20:01:15 IST" duration-ms="57449" status="PASS">
          <params>
            <param index="0">
              <value>
                <![CDATA["Checking login function working or not"]]>
              </value>
            </param>
            <param index="1">
              <value>
                <![CDATA["Login to CRM"]]>
              </value>
            </param>
          </params>
          <reporter-output>
          </reporter-output>
        </test-method> <!-- runScenario -->
        <test-method is-config="true" signature="tearDownClass()[pri:0, instance:com.classicCRM.TestRunner.TestRunner@4b5d6a01]" started-at="2023-05-19T20:01:20 IST" name="tearDownClass" finished-at="2023-05-19T20:01:20 IST" duration-ms="83" status="PASS">
          <reporter-output>
          </reporter-output>
        </test-method> <!-- tearDownClass -->
      </class> <!-- com.classicCRM.TestRunner.TestRunner -->
    </test> <!-- Surefire test -->
  </suite> <!-- Surefire suite -->
</testng-results>
