<?xml version="1.0" encoding="UTF-8"?>
<testng-results ignored="0" total="7" passed="7" failed="0" skipped="0">
  <reporter-output>
  </reporter-output>
  <suite started-at="2023-06-01T11:45:46 IST" name="Surefire suite" finished-at="2023-06-01T11:47:52 IST" duration-ms="125343">
    <groups>
      <group name="cucumber">
        <method signature="AbstractTestNGCucumberTests.runScenario(io.cucumber.testng.PickleWrapper,io.cucumber.testng.FeatureWrapper)[pri:0, instance:com.classicCRM.TestRunner.TestRunner@7ee955a8]" name="runScenario" class="io.cucumber.testng.AbstractTestNGCucumberTests"/>
      </group> <!-- cucumber -->
    </groups>
    <test started-at="2023-06-01T11:45:46 IST" name="Surefire test" finished-at="2023-06-01T11:47:52 IST" duration-ms="125343">
      <class name="com.classicCRM.TestRunner.TestRunner">
        <test-method is-config="true" signature="setUpClass(org.testng.ITestContext)[pri:0, instance:com.classicCRM.TestRunner.TestRunner@7ee955a8]" started-at="2023-06-01T11:45:47 IST" name="setUpClass" finished-at="2023-06-01T11:45:48 IST" duration-ms="1081" status="PASS">
          <params>
            <param index="0">
              <value>
                <![CDATA[org.testng.TestRunner@7a8fa663]]>
              </value>
            </param>
          </params>
          <reporter-output>
          </reporter-output>
        </test-method> <!-- setUpClass -->
        <test-method signature="runScenario(io.cucumber.testng.PickleWrapper,io.cucumber.testng.FeatureWrapper)[pri:0, instance:com.classicCRM.TestRunner.TestRunner@7ee955a8]" started-at="2023-06-01T11:45:48 IST" name="runScenario" description="Runs Cucumber Scenarios" data-provider="scenarios" finished-at="2023-06-01T11:46:50 IST" duration-ms="61997" status="PASS">
          <params>
            <param index="0">
              <value>
                <![CDATA["Filter on Company Page"]]>
              </value>
            </param>
            <param index="1">
              <value>
                <![CDATA["As a User I want to configure company details into system and use them in other sections"]]>
              </value>
            </param>
          </params>
          <reporter-output>
          </reporter-output>
        </test-method> <!-- runScenario -->
        <test-method signature="runScenario(io.cucumber.testng.PickleWrapper,io.cucumber.testng.FeatureWrapper)[pri:0, instance:com.classicCRM.TestRunner.TestRunner@7ee955a8]" started-at="2023-06-01T11:45:48 IST" name="runScenario" description="Runs Cucumber Scenarios" data-provider="scenarios" finished-at="2023-06-01T11:46:53 IST" duration-ms="65770" status="PASS">
          <params>
            <param index="0">
              <value>
                <![CDATA["Filter on Company Page"]]>
              </value>
            </param>
            <param index="1">
              <value>
                <![CDATA["As a User I want to configure company details into system and use them in other sections"]]>
              </value>
            </param>
          </params>
          <reporter-output>
          </reporter-output>
        </test-method> <!-- runScenario -->
        <test-method signature="runScenario(io.cucumber.testng.PickleWrapper,io.cucumber.testng.FeatureWrapper)[pri:0, instance:com.classicCRM.TestRunner.TestRunner@7ee955a8]" started-at="2023-06-01T11:45:48 IST" name="runScenario" description="Runs Cucumber Scenarios" data-provider="scenarios" finished-at="2023-06-01T11:47:51 IST" duration-ms="123807" status="PASS">
          <params>
            <param index="0">
              <value>
                <![CDATA["Add new Record for Company"]]>
              </value>
            </param>
            <param index="1">
              <value>
                <![CDATA["As a User I want to configure company details into system and use them in other sections"]]>
              </value>
            </param>
          </params>
          <reporter-output>
          </reporter-output>
        </test-method> <!-- runScenario -->
        <test-method signature="runScenario(io.cucumber.testng.PickleWrapper,io.cucumber.testng.FeatureWrapper)[pri:0, instance:com.classicCRM.TestRunner.TestRunner@7ee955a8]" started-at="2023-06-01T11:45:48 IST" name="runScenario" description="Runs Cucumber Scenarios" data-provider="scenarios" finished-at="2023-06-01T11:46:50 IST" duration-ms="61970" status="PASS">
          <params>
            <param index="0">
              <value>
                <![CDATA["Filter on Company Page"]]>
              </value>
            </param>
            <param index="1">
              <value>
                <![CDATA["As a User I want to configure company details into system and use them in other sections"]]>
              </value>
            </param>
          </params>
          <reporter-output>
          </reporter-output>
        </test-method> <!-- runScenario -->
        <test-method signature="runScenario(io.cucumber.testng.PickleWrapper,io.cucumber.testng.FeatureWrapper)[pri:0, instance:com.classicCRM.TestRunner.TestRunner@7ee955a8]" started-at="2023-06-01T11:46:50 IST" name="runScenario" description="Runs Cucumber Scenarios" data-provider="scenarios" finished-at="2023-06-01T11:47:52 IST" duration-ms="62077" status="PASS">
          <params>
            <param index="0">
              <value>
                <![CDATA["I want to login to classic CRM application with Valid credentials."]]>
              </value>
            </param>
            <param index="1">
              <value>
                <![CDATA["Login to CRM"]]>
              </value>
            </param>
          </params>
          <reporter-output>
          </reporter-output>
        </test-method> <!-- runScenario -->
        <test-method signature="runScenario(io.cucumber.testng.PickleWrapper,io.cucumber.testng.FeatureWrapper)[pri:0, instance:com.classicCRM.TestRunner.TestRunner@7ee955a8]" started-at="2023-06-01T11:46:50 IST" name="runScenario" description="Runs Cucumber Scenarios" data-provider="scenarios" finished-at="2023-06-01T11:47:44 IST" duration-ms="54129" status="PASS">
          <params>
            <param index="0">
              <value>
                <![CDATA["Checking login function working or not"]]>
              </value>
            </param>
            <param index="1">
              <value>
                <![CDATA["Login to CRM"]]>
              </value>
            </param>
          </params>
          <reporter-output>
          </reporter-output>
        </test-method> <!-- runScenario -->
        <test-method signature="runScenario(io.cucumber.testng.PickleWrapper,io.cucumber.testng.FeatureWrapper)[pri:0, instance:com.classicCRM.TestRunner.TestRunner@7ee955a8]" started-at="2023-06-01T11:46:53 IST" name="runScenario" description="Runs Cucumber Scenarios" data-provider="scenarios" finished-at="2023-06-01T11:47:44 IST" duration-ms="50267" status="PASS">
          <params>
            <param index="0">
              <value>
                <![CDATA["Checking login function working or not"]]>
              </value>
            </param>
            <param index="1">
              <value>
                <![CDATA["Login to CRM"]]>
              </value>
            </param>
          </params>
          <reporter-output>
          </reporter-output>
        </test-method> <!-- runScenario -->
        <test-method is-config="true" signature="tearDownClass()[pri:0, instance:com.classicCRM.TestRunner.TestRunner@7ee955a8]" started-at="2023-06-01T11:47:52 IST" name="tearDownClass" finished-at="2023-06-01T11:47:52 IST" duration-ms="121" status="PASS">
          <reporter-output>
          </reporter-output>
        </test-method> <!-- tearDownClass -->
      </class> <!-- com.classicCRM.TestRunner.TestRunner -->
    </test> <!-- Surefire test -->
  </suite> <!-- Surefire suite -->
</testng-results>
