<?xml version="1.0" encoding="UTF-8"?>
<testng-results ignored="0" total="3" passed="3" failed="0" skipped="0">
  <reporter-output>
  </reporter-output>
  <suite started-at="2023-05-16T14:00:42 IST" name="Surefire suite" finished-at="2023-05-16T14:00:44 IST" duration-ms="1376">
    <groups>
      <group name="cucumber">
        <method signature="AbstractTestNGCucumberTests.runScenario(io.cucumber.testng.PickleWrapper,io.cucumber.testng.FeatureWrapper)[pri:0, instance:com.classicCRM.TestRunner.TestRunner@3d680b5a]" name="runScenario" class="io.cucumber.testng.AbstractTestNGCucumberTests"/>
      </group> <!-- cucumber -->
    </groups>
    <test started-at="2023-05-16T14:00:42 IST" name="Surefire test" finished-at="2023-05-16T14:00:44 IST" duration-ms="1376">
      <class name="com.classicCRM.TestRunner.TestRunner">
        <test-method is-config="true" signature="setUpClass(org.testng.ITestContext)[pri:0, instance:com.classicCRM.TestRunner.TestRunner@3d680b5a]" started-at="2023-05-16T14:00:42 IST" name="setUpClass" finished-at="2023-05-16T14:00:43 IST" duration-ms="949" status="PASS">
          <params>
            <param index="0">
              <value>
                <![CDATA[org.testng.TestRunner@3faf2e7d]]>
              </value>
            </param>
          </params>
          <reporter-output>
          </reporter-output>
        </test-method> <!-- setUpClass -->
        <test-method signature="runScenario(io.cucumber.testng.PickleWrapper,io.cucumber.testng.FeatureWrapper)[pri:0, instance:com.classicCRM.TestRunner.TestRunner@3d680b5a]" started-at="2023-05-16T14:00:43 IST" name="runScenario" description="Runs Cucumber Scenarios" data-provider="scenarios" finished-at="2023-05-16T14:00:44 IST" duration-ms="197" status="PASS">
          <params>
            <param index="0">
              <value>
                <![CDATA["I want to login to classic CRM application with Valid credentials."]]>
              </value>
            </param>
            <param index="1">
              <value>
                <![CDATA["Login to CRM"]]>
              </value>
            </param>
          </params>
          <reporter-output>
          </reporter-output>
        </test-method> <!-- runScenario -->
        <test-method signature="runScenario(io.cucumber.testng.PickleWrapper,io.cucumber.testng.FeatureWrapper)[pri:0, instance:com.classicCRM.TestRunner.TestRunner@3d680b5a]" started-at="2023-05-16T14:00:44 IST" name="runScenario" description="Runs Cucumber Scenarios" data-provider="scenarios" finished-at="2023-05-16T14:00:44 IST" duration-ms="34" status="PASS">
          <params>
            <param index="0">
              <value>
                <![CDATA["Checking login function working or not"]]>
              </value>
            </param>
            <param index="1">
              <value>
                <![CDATA["Login to CRM"]]>
              </value>
            </param>
          </params>
          <reporter-output>
          </reporter-output>
        </test-method> <!-- runScenario -->
        <test-method signature="runScenario(io.cucumber.testng.PickleWrapper,io.cucumber.testng.FeatureWrapper)[pri:0, instance:com.classicCRM.TestRunner.TestRunner@3d680b5a]" started-at="2023-05-16T14:00:44 IST" name="runScenario" description="Runs Cucumber Scenarios" data-provider="scenarios" finished-at="2023-05-16T14:00:44 IST" duration-ms="21" status="PASS">
          <params>
            <param index="0">
              <value>
                <![CDATA["Checking login function working or not"]]>
              </value>
            </param>
            <param index="1">
              <value>
                <![CDATA["Login to CRM"]]>
              </value>
            </param>
          </params>
          <reporter-output>
          </reporter-output>
        </test-method> <!-- runScenario -->
        <test-method is-config="true" signature="tearDownClass()[pri:0, instance:com.classicCRM.TestRunner.TestRunner@3d680b5a]" started-at="2023-05-16T14:00:44 IST" name="tearDownClass" finished-at="2023-05-16T14:00:44 IST" duration-ms="79" status="PASS">
          <reporter-output>
          </reporter-output>
        </test-method> <!-- tearDownClass -->
      </class> <!-- com.classicCRM.TestRunner.TestRunner -->
    </test> <!-- Surefire test -->
  </suite> <!-- Surefire suite -->
</testng-results>
