<?xml version="1.0" encoding="UTF-8"?>
<testng-results ignored="0" total="7" passed="7" failed="0" skipped="0">
  <reporter-output>
  </reporter-output>
  <suite started-at="2023-05-31T23:27:46 IST" name="Default suite" finished-at="2023-05-31T23:34:57 IST" duration-ms="430986">
    <groups>
      <group name="cucumber">
        <method signature="AbstractTestNGCucumberTests.runScenario(io.cucumber.testng.PickleWrapper,io.cucumber.testng.FeatureWrapper)[pri:0, instance:com.classicCRM.TestRunner.TestRunner@7161d8d1]" name="runScenario" class="io.cucumber.testng.AbstractTestNGCucumberTests"/>
      </group> <!-- cucumber -->
    </groups>
    <test started-at="2023-05-31T23:27:46 IST" name="Default test" finished-at="2023-05-31T23:34:57 IST" duration-ms="430986">
      <class name="com.classicCRM.TestRunner.TestRunner">
        <test-method is-config="true" signature="setUpClass(org.testng.ITestContext)[pri:0, instance:com.classicCRM.TestRunner.TestRunner@7161d8d1]" started-at="2023-05-31T23:27:46 IST" name="setUpClass" finished-at="2023-05-31T23:27:47 IST" duration-ms="1069" status="PASS">
          <params>
            <param index="0">
              <value>
                <![CDATA[org.testng.TestRunner@7b1c501d]]>
              </value>
            </param>
          </params>
          <reporter-output>
          </reporter-output>
        </test-method> <!-- setUpClass -->
        <test-method signature="runScenario(io.cucumber.testng.PickleWrapper,io.cucumber.testng.FeatureWrapper)[pri:0, instance:com.classicCRM.TestRunner.TestRunner@7161d8d1]" started-at="2023-05-31T23:27:47 IST" name="runScenario" description="Runs Cucumber Scenarios" data-provider="scenarios" finished-at="2023-05-31T23:29:13 IST" duration-ms="86187" status="PASS">
          <params>
            <param index="0">
              <value>
                <![CDATA["Add new Record for Company"]]>
              </value>
            </param>
            <param index="1">
              <value>
                <![CDATA["As a User I want to configure company details into system and use them in other sections"]]>
              </value>
            </param>
          </params>
          <reporter-output>
          </reporter-output>
        </test-method> <!-- runScenario -->
        <test-method signature="runScenario(io.cucumber.testng.PickleWrapper,io.cucumber.testng.FeatureWrapper)[pri:0, instance:com.classicCRM.TestRunner.TestRunner@7161d8d1]" started-at="2023-05-31T23:29:13 IST" name="runScenario" description="Runs Cucumber Scenarios" data-provider="scenarios" finished-at="2023-05-31T23:29:57 IST" duration-ms="43627" status="PASS">
          <params>
            <param index="0">
              <value>
                <![CDATA["Filter on Company Page"]]>
              </value>
            </param>
            <param index="1">
              <value>
                <![CDATA["As a User I want to configure company details into system and use them in other sections"]]>
              </value>
            </param>
          </params>
          <reporter-output>
          </reporter-output>
        </test-method> <!-- runScenario -->
        <test-method signature="runScenario(io.cucumber.testng.PickleWrapper,io.cucumber.testng.FeatureWrapper)[pri:0, instance:com.classicCRM.TestRunner.TestRunner@7161d8d1]" started-at="2023-05-31T23:29:57 IST" name="runScenario" description="Runs Cucumber Scenarios" data-provider="scenarios" finished-at="2023-05-31T23:31:07 IST" duration-ms="70039" status="PASS">
          <params>
            <param index="0">
              <value>
                <![CDATA["Filter on Company Page"]]>
              </value>
            </param>
            <param index="1">
              <value>
                <![CDATA["As a User I want to configure company details into system and use them in other sections"]]>
              </value>
            </param>
          </params>
          <reporter-output>
          </reporter-output>
        </test-method> <!-- runScenario -->
        <test-method signature="runScenario(io.cucumber.testng.PickleWrapper,io.cucumber.testng.FeatureWrapper)[pri:0, instance:com.classicCRM.TestRunner.TestRunner@7161d8d1]" started-at="2023-05-31T23:31:07 IST" name="runScenario" description="Runs Cucumber Scenarios" data-provider="scenarios" finished-at="2023-05-31T23:33:35 IST" duration-ms="148235" status="PASS">
          <params>
            <param index="0">
              <value>
                <![CDATA["Filter on Company Page"]]>
              </value>
            </param>
            <param index="1">
              <value>
                <![CDATA["As a User I want to configure company details into system and use them in other sections"]]>
              </value>
            </param>
          </params>
          <reporter-output>
          </reporter-output>
        </test-method> <!-- runScenario -->
        <test-method signature="runScenario(io.cucumber.testng.PickleWrapper,io.cucumber.testng.FeatureWrapper)[pri:0, instance:com.classicCRM.TestRunner.TestRunner@7161d8d1]" started-at="2023-05-31T23:33:35 IST" name="runScenario" description="Runs Cucumber Scenarios" data-provider="scenarios" finished-at="2023-05-31T23:34:09 IST" duration-ms="33335" status="PASS">
          <params>
            <param index="0">
              <value>
                <![CDATA["I want to login to classic CRM application with Valid credentials."]]>
              </value>
            </param>
            <param index="1">
              <value>
                <![CDATA["Login to CRM"]]>
              </value>
            </param>
          </params>
          <reporter-output>
          </reporter-output>
        </test-method> <!-- runScenario -->
        <test-method signature="runScenario(io.cucumber.testng.PickleWrapper,io.cucumber.testng.FeatureWrapper)[pri:0, instance:com.classicCRM.TestRunner.TestRunner@7161d8d1]" started-at="2023-05-31T23:34:09 IST" name="runScenario" description="Runs Cucumber Scenarios" data-provider="scenarios" finished-at="2023-05-31T23:34:36 IST" duration-ms="26934" status="PASS">
          <params>
            <param index="0">
              <value>
                <![CDATA["Checking login function working or not"]]>
              </value>
            </param>
            <param index="1">
              <value>
                <![CDATA["Login to CRM"]]>
              </value>
            </param>
          </params>
          <reporter-output>
          </reporter-output>
        </test-method> <!-- runScenario -->
        <test-method signature="runScenario(io.cucumber.testng.PickleWrapper,io.cucumber.testng.FeatureWrapper)[pri:0, instance:com.classicCRM.TestRunner.TestRunner@7161d8d1]" started-at="2023-05-31T23:34:36 IST" name="runScenario" description="Runs Cucumber Scenarios" data-provider="scenarios" finished-at="2023-05-31T23:34:57 IST" duration-ms="21217" status="PASS">
          <params>
            <param index="0">
              <value>
                <![CDATA["Checking login function working or not"]]>
              </value>
            </param>
            <param index="1">
              <value>
                <![CDATA["Login to CRM"]]>
              </value>
            </param>
          </params>
          <reporter-output>
          </reporter-output>
        </test-method> <!-- runScenario -->
        <test-method is-config="true" signature="tearDownClass()[pri:0, instance:com.classicCRM.TestRunner.TestRunner@7161d8d1]" started-at="2023-05-31T23:34:57 IST" name="tearDownClass" finished-at="2023-05-31T23:34:57 IST" duration-ms="221" status="PASS">
          <reporter-output>
          </reporter-output>
        </test-method> <!-- tearDownClass -->
      </class> <!-- com.classicCRM.TestRunner.TestRunner -->
    </test> <!-- Default test -->
  </suite> <!-- Default suite -->
</testng-results>
